#
# There is insufficient memory for the Java Runtime Environment to continue.
# Native memory allocation (mmap) failed to map 134217728 bytes for Failed to commit area from 0x0000000081000000 to 0x0000000089000000 of length 134217728.
# Possible reasons:
#   The system is out of physical RAM or swap space
#   The process is running with CompressedOops enabled, and the Java Heap may be blocking the growth of the native heap
# Possible solutions:
#   Reduce memory load on the system
#   Increase physical memory or swap space
#   Check if swap backing store is full
#   Decrease Java heap size (-Xmx/-Xms)
#   Decrease number of Java threads
#   Decrease Java thread stack sizes (-Xss)
#   Set larger code cache with -XX:ReservedCodeCacheSize=
# This output file may be truncated or incomplete.
#
#  Out of Memory Error (./src/hotspot/os/windows/os_windows.cpp:3303), pid=8344, tid=4440
#
# JRE version:  (11.0.9+11) (build )
# Java VM: OpenJDK 64-Bit Server VM (11.0.9+11-b1145.21, mixed mode, sharing, tiered, compressed oops, g1 gc, windows-amd64)
# No core dump will be written. Minidumps are not enabled by default on client versions of Windows
#

---------------  S U M M A R Y ------------

Command Line: org.jetbrains.git4idea.http.GitAskPassApp Username for 'https://github.com': 

Host: AMD Ryzen 3 PRO 1300 Quad-Core Processor       , 4 cores, 7G,  Windows 10 , 64 bit Build 19041 (10.0.19041.1)
Time: Sat Jan 16 18:36:22 2021 RTZ 2 (зима) elapsed time: 0.011905 seconds (0d 0h 0m 0s)

---------------  T H R E A D  ---------------

Current thread (0x000002b7c5e2a800):  JavaThread "Unknown thread" [_thread_in_vm, id=4440, stack(0x000000d839100000,0x000000d839200000)]

Stack: [0x000000d839100000,0x000000d839200000]
Native frames: (J=compiled Java code, j=interpreted, Vv=VM code, C=native code)
V  [jvm.dll+0x5ed3ca]
V  [jvm.dll+0x722725]
V  [jvm.dll+0x723c7d]
V  [jvm.dll+0x724333]
V  [jvm.dll+0x242bd8]
V  [jvm.dll+0x5ea884]
V  [jvm.dll+0x5df995]
V  [jvm.dll+0x2fe13b]
V  [jvm.dll+0x2fe0aa]
V  [jvm.dll+0x2fdf82]
V  [jvm.dll+0x302e56]
V  [jvm.dll+0x34b583]
V  [jvm.dll+0x34bc86]
V  [jvm.dll+0x34b683]
V  [jvm.dll+0x2d8df8]
V  [jvm.dll+0x2d9f97]
V  [jvm.dll+0x701517]
V  [jvm.dll+0x702d0c]
V  [jvm.dll+0x358b39]
V  [jvm.dll+0x6e4f9e]
V  [jvm.dll+0x3c0db3]
V  [jvm.dll+0x3c2f61]
C  [jli.dll+0x5373]
C  [ucrtbase.dll+0x21542]
C  [KERNEL32.DLL+0x16fd4]
C  [ntdll.dll+0x4cf31]


---------------  P R O C E S S  ---------------

Threads class SMR info:
_java_thread_list=0x000002b7c5ce0a60, length=0, elements={
}

Java Threads: ( => current thread )

Other Threads:
  0x000002b7c5e42000 GCTaskThread "GC Thread#0" [stack: 0x000000d839200000,0x000000d839300000] [id=3264]
  0x000002b7c5e75800 ConcurrentGCThread "G1 Main Marker" [stack: 0x000000d839300000,0x000000d839400000] [id=4012]
  0x000002b7c5e77000 ConcurrentGCThread "G1 Conc#0" [stack: 0x000000d839400000,0x000000d839500000] [id=8268]

[error occurred during error reporting (printing all threads), id 0xc0000005, EXCEPTION_ACCESS_VIOLATION (0xc0000005) at pc=0x00007ffa12449397]

VM state:not at safepoint (not fully initialized)

VM Mutex/Monitor currently owned by a thread:  ([mutex/lock_event])
[0x000002b7c5e26bd0] Heap_lock - owner thread: 0x000002b7c5e2a800

Heap address: 0x0000000081000000, size: 2032 MB, Compressed Oops mode: Non-zero based: 0x0000000081000000
Narrow klass base: 0x0000000000000000, Narrow klass shift: 0

GC Heap History (0 events):
No events

Deoptimization events (0 events):
No events

Classes redefined (0 events):
No events

Internal exceptions (0 events):
No events

Events (1 events):
Event: 0.006 Loaded shared library C:\Program Files\JetBrains\IntelliJ IDEA Educational Edition 2020.3\jbr\bin\zip.dll


Dynamic libraries:
0x00007ff6237b0000 - 0x00007ff6237ba000 	C:\Program Files\JetBrains\IntelliJ IDEA Educational Edition 2020.3\jbr\bin\java.exe
0x00007ffa44210000 - 0x00007ffa44404000 	C:\Windows\SYSTEM32\ntdll.dll
0x00007ffa43510000 - 0x00007ffa435cd000 	C:\Windows\System32\KERNEL32.DLL
0x00007ffa41950000 - 0x00007ffa41c17000 	C:\Windows\System32\KERNELBASE.dll
0x00007ffa41c20000 - 0x00007ffa41d20000 	C:\Windows\System32\ucrtbase.dll
0x00007ffa28b90000 - 0x00007ffa28ba7000 	C:\Program Files\JetBrains\IntelliJ IDEA Educational Edition 2020.3\jbr\bin\VCRUNTIME140.dll
0x00007ffa28bb0000 - 0x00007ffa28bc9000 	C:\Program Files\JetBrains\IntelliJ IDEA Educational Edition 2020.3\jbr\bin\jli.dll
0x00007ffa43ce0000 - 0x00007ffa43e80000 	C:\Windows\System32\USER32.dll
0x00007ffa41da0000 - 0x00007ffa41dc2000 	C:\Windows\System32\win32u.dll
0x00007ffa2f3e0000 - 0x00007ffa2f67a000 	C:\Windows\WinSxS\amd64_microsoft.windows.common-controls_6595b64144ccf1df_6.0.19041.1_none_b555e41d4684ddec\COMCTL32.dll
0x00007ffa42ed0000 - 0x00007ffa42efa000 	C:\Windows\System32\GDI32.dll
0x00007ffa43470000 - 0x00007ffa4350e000 	C:\Windows\System32\msvcrt.dll
0x00007ffa41e20000 - 0x00007ffa41f2a000 	C:\Windows\System32\gdi32full.dll
0x00007ffa42040000 - 0x00007ffa420dd000 	C:\Windows\System32\msvcp_win.dll
0x00007ffa42cf0000 - 0x00007ffa42d20000 	C:\Windows\System32\IMM32.DLL
0x00007ffa142e0000 - 0x00007ffa1437d000 	C:\Program Files\JetBrains\IntelliJ IDEA Educational Edition 2020.3\jbr\bin\msvcp140.dll
0x00007ffa12160000 - 0x00007ffa12c2e000 	C:\Program Files\JetBrains\IntelliJ IDEA Educational Edition 2020.3\jbr\bin\server\jvm.dll
0x00007ffa43f70000 - 0x00007ffa4401a000 	C:\Windows\System32\ADVAPI32.dll
0x00007ffa42c50000 - 0x00007ffa42ceb000 	C:\Windows\System32\sechost.dll
0x00007ffa42ac0000 - 0x00007ffa42be3000 	C:\Windows\System32\RPCRT4.dll
0x00007ffa43e80000 - 0x00007ffa43e88000 	C:\Windows\System32\PSAPI.DLL
0x00007ffa3d630000 - 0x00007ffa3d639000 	C:\Windows\SYSTEM32\WSOCK32.dll
0x00007ffa3b530000 - 0x00007ffa3b53a000 	C:\Windows\SYSTEM32\VERSION.dll
0x00007ffa38820000 - 0x00007ffa38847000 	C:\Windows\SYSTEM32\WINMM.dll
0x00007ffa435d0000 - 0x00007ffa4363b000 	C:\Windows\System32\WS2_32.dll
0x00007ffa3f900000 - 0x00007ffa3f913000 	C:\Windows\SYSTEM32\kernel.appcore.dll
0x00007ffa2e940000 - 0x00007ffa2e951000 	C:\Program Files\JetBrains\IntelliJ IDEA Educational Edition 2020.3\jbr\bin\verify.dll
0x00007ffa23d10000 - 0x00007ffa23ef4000 	C:\Windows\SYSTEM32\DBGHELP.DLL
0x00007ffa23ce0000 - 0x00007ffa23d0c000 	C:\Windows\SYSTEM32\dbgcore.DLL
0x00007ffa41d20000 - 0x00007ffa41d9f000 	C:\Windows\System32\bcryptPrimitives.dll
0x00007ffa2d780000 - 0x00007ffa2d7a9000 	C:\Program Files\JetBrains\IntelliJ IDEA Educational Edition 2020.3\jbr\bin\java.dll
0x00007ffa3ca20000 - 0x00007ffa3ca2b000 	C:\Program Files\JetBrains\IntelliJ IDEA Educational Edition 2020.3\jbr\bin\jimage.dll
0x00007ffa2cd60000 - 0x00007ffa2cd78000 	C:\Program Files\JetBrains\IntelliJ IDEA Educational Edition 2020.3\jbr\bin\zip.dll

dbghelp: loaded successfully - version: 4.0.5 - missing functions: none
symbol engine: initialized successfully - sym options: 0x614 - pdb path: .;C:\Program Files\JetBrains\IntelliJ IDEA Educational Edition 2020.3\jbr\bin;C:\Windows\SYSTEM32;C:\Windows\WinSxS\amd64_microsoft.windows.common-controls_6595b64144ccf1df_6.0.19041.1_none_b555e41d4684ddec;C:\Program Files\JetBrains\IntelliJ IDEA Educational Edition 2020.3\jbr\bin\server

VM Arguments:
java_command: org.jetbrains.git4idea.http.GitAskPassApp Username for 'https://github.com': 
java_class_path (initial): C:/Program Files/JetBrains/IntelliJ IDEA Educational Edition 2020.3/plugins/git4idea/lib/git4idea-rt.jar;C:/Program Files/JetBrains/IntelliJ IDEA Educational Edition 2020.3/lib/xmlrpc-2.0.1.jar;C:/Program Files/JetBrains/IntelliJ IDEA Educational Edition 2020.3/lib/commons-codec-1.14.jar
Launcher Type: SUN_STANDARD

[Global flags]
     intx CICompilerCount                          = 3                                         {product} {ergonomic}
     uint ConcGCThreads                            = 1                                         {product} {ergonomic}
     uint G1ConcRefinementThreads                  = 4                                         {product} {ergonomic}
   size_t G1HeapRegionSize                         = 1048576                                   {product} {ergonomic}
    uintx GCDrainStackTargetSize                   = 64                                        {product} {ergonomic}
   size_t InitialHeapSize                          = 134217728                                 {product} {ergonomic}
   size_t MarkStackSize                            = 4194304                                   {product} {ergonomic}
   size_t MaxHeapSize                              = 2130706432                                {product} {ergonomic}
   size_t MinHeapDeltaBytes                        = 1048576                                   {product} {ergonomic}
    uintx NonNMethodCodeHeapSize                   = 5830732                                {pd product} {ergonomic}
    uintx NonProfiledCodeHeapSize                  = 122913754                              {pd product} {ergonomic}
    uintx ProfiledCodeHeapSize                     = 122913754                              {pd product} {ergonomic}
    uintx ReservedCodeCacheSize                    = 251658240                              {pd product} {ergonomic}
     bool SegmentedCodeCache                       = true                                      {product} {ergonomic}
     bool UseCompressedClassPointers               = true                                 {lp64_product} {ergonomic}
     bool UseCompressedOops                        = true                                 {lp64_product} {ergonomic}
     bool UseG1GC                                  = true                                      {product} {ergonomic}
     bool UseLargePagesIndividualAllocation        = false                                  {pd product} {ergonomic}

Logging:
Log output configuration:
 #0: stdout all=warning uptime,level,tags
 #1: stderr all=off uptime,level,tags

Environment Variables:
PATH=C:\Program Files\Git\mingw64\libexec\git-core;C:\Program Files\Git\mingw64\libexec\git-core;C:\Program Files\Git\mingw64\bin;C:\Program Files\Git\usr\bin;C:\Users\Администратор\bin;C:\Windows\system32;C:\Windows;C:\Windows\System32\Wbem;C:\Windows\System32\WindowsPowerShell\v1.0;C:\Windows\System32\OpenSSH;C:\Program Files (x86)\NVIDIA Corporation\PhysX\Common;C:\Program Files\NVIDIA Corporation\NVIDIA NvDLISR;C:\Program Files\Git\cmd;C:\Users\Администратор\AppData\Local\Microsoft\WindowsApps;C:\Program Files\JetBrains\IntelliJ IDEA 2020.3.1\bin;C:\Users\Администратор\AppData\Local\GitHubDesktop\bin
USERNAME=Администратор
DISPLAY=:0.0
LC_ALL=en_US.UTF-8
OS=Windows_NT
PROCESSOR_IDENTIFIER=AMD64 Family 23 Model 1 Stepping 1, AuthenticAMD



---------------  S Y S T E M  ---------------

OS: Windows 10 , 64 bit Build 19041 (10.0.19041.1)
OS uptime: 0 days 19:26 hours

CPU:total 4 (initial active 4) (4 cores per cpu, 1 threads per core) family 23 model 1 stepping 1, cmov, cx8, fxsr, mmx, sse, sse2, sse3, ssse3, sse4.1, sse4.2, popcnt, avx, avx2, aes, clmul, mmxext, 3dnowpref, lzcnt, sse4a, tsc, tscinvbit, tscinv, bmi1, bmi2, adx, sha, fma

Memory: 4k page, system-wide physical 8123M (2147M free)
TotalPageFile size 8123M (AvailPageFile size 131M)
current process WorkingSet (physical memory assigned to process): 9M, peak: 9M
current process commit charge ("private bytes"): 51M, peak: 179M

vm_info: OpenJDK 64-Bit Server VM (11.0.9+11-b1145.21) for windows-amd64 JRE (11.0.9+11-b1145.21), built on Nov 21 2020 14:37:09 by "" with MS VC++ 14.0 (VS2015)

END.
